  rasteriser.cpp
E:\Projects\Github\cmp5359-cg-milestones-20-21-JamesPhilipPrice\Code\Rasterizer\rasteriser.cpp(15,1): warning C4005: 'M_PI': macro redefinition
E:\Projects\Github\cmp5359-cg-milestones-20-21-JamesPhilipPrice\Code\Rasterizer\SDL2-2.0.14\include\SDL_stdinc.h(518): message : see previous definition of 'M_PI'
E:\Projects\Github\cmp5359-cg-milestones-20-21-JamesPhilipPrice\Code\Rasterizer\rasteriser.cpp(17,35): warning C4305: 'initializing': truncation from 'double' to 'float'
E:\Projects\Github\cmp5359-cg-milestones-20-21-JamesPhilipPrice\Code\Rasterizer\rasteriser.cpp(40,15): warning C4244: 'initializing': conversion from 'double' to 'float', possible loss of data
E:\Projects\Github\cmp5359-cg-milestones-20-21-JamesPhilipPrice\Code\Rasterizer\rasteriser.cpp(128,157): warning C4305: 'argument': truncation from 'double' to 'T'
          with
          [
              T=float
          ]
E:\Projects\Github\cmp5359-cg-milestones-20-21-JamesPhilipPrice\Code\Rasterizer\rasteriser.cpp(135,32): warning C4305: 'initializing': truncation from 'double' to 'float'
E:\Projects\Github\cmp5359-cg-milestones-20-21-JamesPhilipPrice\Code\Rasterizer\rasteriser.cpp(136,33): warning C4305: 'initializing': truncation from 'double' to 'float'
E:\Projects\Github\cmp5359-cg-milestones-20-21-JamesPhilipPrice\Code\Rasterizer\rasteriser.cpp(393,48): warning C4305: 'argument': truncation from 'double' to 'T'
          with
          [
              T=float
          ]
E:\Projects\Github\cmp5359-cg-milestones-20-21-JamesPhilipPrice\Code\Rasterizer\rasteriser.cpp(403,95): warning C4244: 'argument': conversion from 'float' to 'Uint8', possible loss of data
E:\Projects\Github\cmp5359-cg-milestones-20-21-JamesPhilipPrice\Code\Rasterizer\rasteriser.cpp(403,82): warning C4244: 'argument': conversion from 'float' to 'Uint8', possible loss of data
E:\Projects\Github\cmp5359-cg-milestones-20-21-JamesPhilipPrice\Code\Rasterizer\rasteriser.cpp(403,69): warning C4244: 'argument': conversion from 'float' to 'Uint8', possible loss of data
E:\Projects\Github\cmp5359-cg-milestones-20-21-JamesPhilipPrice\Code\Rasterizer\rasteriser.cpp(411,36): warning C4018: '<': signed/unsigned mismatch
E:\Projects\Github\cmp5359-cg-milestones-20-21-JamesPhilipPrice\Code\Rasterizer\rasteriser.cpp(469,54): warning C4244: 'argument': conversion from 'double' to 'T', possible loss of data
          with
          [
              T=float
          ]
E:\Projects\Github\cmp5359-cg-milestones-20-21-JamesPhilipPrice\Code\Rasterizer\rasteriser.cpp(469,45): warning C4244: 'argument': conversion from 'double' to 'T', possible loss of data
          with
          [
              T=float
          ]
E:\Projects\Github\cmp5359-cg-milestones-20-21-JamesPhilipPrice\Code\Rasterizer\rasteriser.cpp(525,78): warning C4244: '=': conversion from 'float' to 'T', possible loss of data
          with
          [
              T=unsigned char
          ]
E:\Projects\Github\cmp5359-cg-milestones-20-21-JamesPhilipPrice\Code\Rasterizer\rasteriser.cpp(526,78): warning C4244: '=': conversion from 'float' to 'T', possible loss of data
          with
          [
              T=unsigned char
          ]
E:\Projects\Github\cmp5359-cg-milestones-20-21-JamesPhilipPrice\Code\Rasterizer\rasteriser.cpp(527,78): warning C4244: '=': conversion from 'float' to 'T', possible loss of data
          with
          [
              T=unsigned char
          ]
E:\Projects\Github\cmp5359-cg-milestones-20-21-JamesPhilipPrice\Code\Rasterizer\rasteriser.cpp(536,56): warning C4244: '=': conversion from 'double' to 'float', possible loss of data
E:\Projects\Github\cmp5359-cg-milestones-20-21-JamesPhilipPrice\Code\Rasterizer\rasteriser.cpp(537,56): warning C4244: '=': conversion from 'double' to 'float', possible loss of data
E:\Projects\Github\cmp5359-cg-milestones-20-21-JamesPhilipPrice\Code\Rasterizer\rasteriser.cpp(543,138): warning C4244: 'argument': conversion from 'float' to 'Uint8', possible loss of data
E:\Projects\Github\cmp5359-cg-milestones-20-21-JamesPhilipPrice\Code\Rasterizer\rasteriser.cpp(543,116): warning C4244: 'argument': conversion from 'float' to 'Uint8', possible loss of data
E:\Projects\Github\cmp5359-cg-milestones-20-21-JamesPhilipPrice\Code\Rasterizer\rasteriser.cpp(543,94): warning C4244: 'argument': conversion from 'float' to 'Uint8', possible loss of data
  Generating code
  1 of 584 functions ( 0.2%) were compiled, the rest were copied from previous compilation.
    0 functions were new in current compilation
    0 functions had inline decision re-evaluated but remain unchanged
  Finished generating code
  SoftwareRasteriser.vcxproj -> E:\Projects\Github\cmp5359-cg-milestones-20-21-JamesPhilipPrice\Code\Rasterizer\x64\Release\SoftwareRasteriser.exe
